<?xml version="1.0" encoding="UTF-8"?>
<!-- Generated by org.testng.reporters.JUnitReportReporter -->
<testsuite hostname="kwsys4-HP-250-G8-Notebook-PC" failures="0" tests="1" name="Serien.SerienLive.LoginPageTest" time="4.908" errors="0" timestamp="30 Jan 2024 13:22:16 GMT" skipped="0">
  <testcase classname="Serien.SerienLive.LoginPageTest" name="NavigationToForgetPasswordPage" time="4.908"/>
</testsuite> <!-- Serien.SerienLive.LoginPageTest -->
