<?xml version="1.0" encoding="UTF-8"?>
<!-- Generated by org.testng.reporters.JUnitReportReporter -->
<testsuite hostname="kwsys4-HP-250-G8-Notebook-PC" failures="0" tests="1" name="Serien.SerienLive.HRlearning" time="17.626" errors="0" timestamp="10 Jan 2024 07:19:22 GMT" skipped="0">
  <testcase classname="Serien.SerienLive.HRlearning" name="ValidationOfDisclimerErrorMesg" time="17.626"/>
</testsuite> <!-- Serien.SerienLive.HRlearning -->
