<?xml version="1.0" encoding="UTF-8"?>
<!-- Generated by org.testng.reporters.JUnitReportReporter -->
<testsuite hostname="kwsys4-HP-250-G8-Notebook-PC" failures="0" tests="1" name="Serien.SerienLive.HRcalenderAndEvents" time="26.326" errors="0" timestamp="06 Feb 2024 14:55:05 GMT" skipped="0">
  <testcase classname="Serien.SerienLive.HRcalenderAndEvents" name="ValidationOfEventAndCalender" time="26.326"/>
</testsuite> <!-- Serien.SerienLive.HRcalenderAndEvents -->
