<?xml version="1.0" encoding="UTF-8"?>
<!-- Generated by org.testng.reporters.JUnitReportReporter -->
<testsuite hostname="kwsys4-HP-250-G8-Notebook-PC" failures="0" tests="1" name="Serien.SerienLive.scromGooglecloudTest" time="22.261" errors="0" timestamp="17 Jan 2024 07:28:17 GMT" skipped="0">
  <testcase classname="Serien.SerienLive.scromGooglecloudTest" name="scromFileUpload" time="22.261"/>
</testsuite> <!-- Serien.SerienLive.scromGooglecloudTest -->
