<?xml version="1.0" encoding="UTF-8"?>
<!-- Generated by org.testng.reporters.JUnitReportReporter -->
<testsuite hostname="kwsys4-HP-250-G8-Notebook-PC" failures="0" tests="1" name="Serien.SerienLive.DiversityMetric" time="41.349" errors="0" timestamp="28 Nov 2023 09:07:11 GMT" skipped="0">
  <testcase classname="Serien.SerienLive.DiversityMetric" name="ValidationDiversityMetric" time="41.349"/>
</testsuite> <!-- Serien.SerienLive.DiversityMetric -->
