<?xml version="1.0" encoding="UTF-8"?>
<!-- Generated by org.testng.reporters.JUnitReportReporter -->
<testsuite hostname="kwsys4-HP-250-G8-Notebook-PC" failures="0" tests="1" name="Serien.SerienLive.AdminEnrollments" time="20.816" errors="0" timestamp="18 Jan 2024 12:55:49 GMT" skipped="0">
  <testcase classname="Serien.SerienLive.AdminEnrollments" name="GetUserEnrollmentDetails" time="20.816"/>
</testsuite> <!-- Serien.SerienLive.AdminEnrollments -->
