<?xml version="1.0" encoding="UTF-8"?>
<!-- Generated by org.testng.reporters.JUnitReportReporter -->
<testsuite hostname="kwsys4-HP-250-G8-Notebook-PC" failures="0" tests="2" name="Serien.SerienLive.JsonDataReader" time="15.703" errors="0" timestamp="02 Jan 2024 09:44:22 GMT" skipped="0">
  <testcase classname="Serien.SerienLive.JsonDataReader" name="invaildeCredentional" time="7.165"/>
  <testcase classname="Serien.SerienLive.JsonDataReader" name="invaildeCredentional" time="8.538"/>
</testsuite> <!-- Serien.SerienLive.JsonDataReader -->
