<?xml version="1.0" encoding="UTF-8"?>
<!-- Generated by org.testng.reporters.JUnitReportReporter -->
<testsuite hostname="kwsys4-HP-250-G8-Notebook-PC" failures="0" tests="1" name="Serien.SerienLive.HRprogressReport" time="7.035" errors="0" timestamp="11 Jan 2024 06:35:13 GMT" skipped="0">
  <testcase classname="Serien.SerienLive.HRprogressReport" name="ValidationOfDisclimerErrorMesg" time="7.035"/>
</testsuite> <!-- Serien.SerienLive.HRprogressReport -->
