<?xml version="1.0" encoding="UTF-8"?>
<!-- Generated by org.testng.reporters.JUnitReportReporter -->
<testsuite hostname="kwsys4-HP-250-G8-Notebook-PC" failures="0" tests="1" name="Serien.SerienLive.HRlearning" time="19.731" errors="0" timestamp="10 Jan 2024 10:05:07 GMT" skipped="0">
  <testcase classname="Serien.SerienLive.HRlearning" name="ValidationOfDisclimerAccepectingAcknowledgeAndStartTheCourses" time="19.731"/>
</testsuite> <!-- Serien.SerienLive.HRlearning -->
