<?xml version="1.0" encoding="UTF-8"?>
<!-- Generated by org.testng.reporters.JUnitReportReporter -->
<testsuite hostname="kwsys4-HP-250-G8-Notebook-PC" failures="0" tests="2" name="Serien.SerienLive.ErrorValidationInLoginPage" time="33.680" errors="0" timestamp="28 Jul 2023 05:35:54 GMT" skipped="1">
  <testcase classname="Serien.SerienLive.ErrorValidationInLoginPage" name="invaildeCredentional" time="15.964">
    <skipped/>
  </testcase> <!-- invaildeCredentional -->
  <testcase classname="Serien.SerienLive.ErrorValidationInLoginPage" name="invaildeCredentional" time="17.716"/>
</testsuite> <!-- Serien.SerienLive.ErrorValidationInLoginPage -->
