<?xml version="1.0" encoding="UTF-8"?>
<!-- Generated by org.testng.reporters.JUnitReportReporter -->
<testsuite hostname="kwsys4-HP-250-G8-Notebook-PC" failures="0" tests="1" name="Serien.SerienLive.LoginPageTest" time="6.796" errors="0" timestamp="03 Jan 2024 11:11:00 GMT" skipped="0">
  <testcase classname="Serien.SerienLive.LoginPageTest" name="ValidationOfErrorMessageInvalidEmailInForgetPasswordPage" time="6.796"/>
</testsuite> <!-- Serien.SerienLive.LoginPageTest -->
