<?xml version="1.0" encoding="UTF-8"?>
<!-- Generated by org.testng.reporters.JUnitReportReporter -->
<testsuite hostname="kwsys4-HP-250-G8-Notebook-PC" failures="0" tests="2" name="Serien.SerienLive.HRprofile" time="27.190" errors="0" timestamp="31 Jan 2024 07:23:08 GMT" skipped="1">
  <testcase classname="Serien.SerienLive.HRprofile" name="ValidationOfUserNameFromAdminPanleToHRpanle" time="27.190"/>
  <testcase classname="Serien.SerienLive.HRprofile" name="ValidationOfSubscriptionEndDate">
    <skipped/>
  </testcase> <!-- ValidationOfSubscriptionEndDate -->
</testsuite> <!-- Serien.SerienLive.HRprofile -->
