<?xml version="1.0" encoding="UTF-8"?>
<!-- Generated by org.testng.reporters.JUnitReportReporter -->
<testsuite hostname="kwsys4-HP-250-G8-Notebook-PC" failures="0" tests="1" name="Serien.SerienLive.HRprofile" time="21.374" errors="0" timestamp="05 Jan 2024 07:22:11 GMT" skipped="0">
  <testcase classname="Serien.SerienLive.HRprofile" name="ValidationOfSubscriptionDateInHRpanle" time="21.374"/>
</testsuite> <!-- Serien.SerienLive.HRprofile -->
