<?xml version="1.0" encoding="UTF-8"?>
<!-- Generated by org.testng.reporters.JUnitReportReporter -->
<testsuite hostname="kwsys4-HP-250-G8-Notebook-PC" failures="0" tests="6" name="Serien.SerienLive.HRCoursesComplation" time="849.289" errors="0" timestamp="02 Feb 2024 08:10:12 GMT" skipped="0">
  <testcase classname="Serien.SerienLive.HRCoursesComplation" name="ValidationOfCoursesAttend" time="559.107"/>
  <testcase classname="Serien.SerienLive.HRCoursesComplation" name="ValidationOfMicroLearningAttend" time="239.340"/>
  <testcase classname="Serien.SerienLive.HRCoursesComplation" name="ValidationOfGameAttend" time="8.994"/>
  <testcase classname="Serien.SerienLive.HRCoursesComplation" name="all3CoursesProgressReset" time="13.906"/>
  <testcase classname="Serien.SerienLive.HRCoursesComplation" name="all3CoursesProgressReset" time="14.086"/>
  <testcase classname="Serien.SerienLive.HRCoursesComplation" name="all3CoursesProgressReset" time="13.856"/>
</testsuite> <!-- Serien.SerienLive.HRCoursesComplation -->
