<?xml version="1.0" encoding="UTF-8"?>
<!-- Generated by org.testng.reporters.JUnitReportReporter -->
<testsuite hostname="kwsys4-HP-250-G8-Notebook-PC" failures="0" tests="1" name="Serien.SerienLive.GetSubDate" time="10.739" errors="0" timestamp="04 Jan 2024 05:40:28 GMT" skipped="0">
  <testcase classname="Serien.SerienLive.GetSubDate" name="ValidationDiversityMetric" time="10.739"/>
</testsuite> <!-- Serien.SerienLive.GetSubDate -->
