<?xml version="1.0" encoding="UTF-8"?>
<!-- Generated by org.testng.reporters.JUnitReportReporter -->
<testsuite hostname="kwsys4-HP-250-G8-Notebook-PC" failures="0" tests="1" name="Serien.SerienLive.AdminUserSection" time="16.323" errors="0" timestamp="17 Jan 2024 12:24:20 GMT" skipped="0">
  <testcase classname="Serien.SerienLive.AdminUserSection" name="UserCoursesDeatilsFeatch" time="16.323"/>
</testsuite> <!-- Serien.SerienLive.AdminUserSection -->
