<?xml version="1.0" encoding="UTF-8"?>
<!-- Generated by org.testng.reporters.JUnitReportReporter -->
<testsuite hostname="kwsys4-HP-250-G8-Notebook-PC" failures="0" tests="5" name="Serien.SerienLive.HRlearning" time="85.664" errors="0" timestamp="02 Feb 2024 08:10:12 GMT" skipped="0">
  <testcase classname="Serien.SerienLive.HRlearning" name="ValidationOfDisclimerErrorMesg" time="8.011"/>
  <testcase classname="Serien.SerienLive.HRlearning" name="ValidationOfDisclimerAccepectingAcknowledgeAndStartTheCourses" time="10.029"/>
  <testcase classname="Serien.SerienLive.HRlearning" name="ValidationOfDisclimerAccepectingAcknowledgeAndStartMicroLearning" time="18.655"/>
  <testcase classname="Serien.SerienLive.HRlearning" name="ValidationOfDisclimerAccepectingAcknowledgeAndStartGame" time="8.257"/>
  <testcase classname="Serien.SerienLive.HRlearning" name="DeleteUserProgressForMakeDisclimerTrue" time="40.712"/>
</testsuite> <!-- Serien.SerienLive.HRlearning -->
