<?xml version="1.0" encoding="UTF-8"?>
<!-- Generated by org.testng.reporters.JUnitReportReporter -->
<testsuite hostname="kwsys4-HP-250-G8-Notebook-PC" failures="0" tests="1" name="Serien.SerienLive.HRprogressReport" time="25.577" errors="0" timestamp="11 Jan 2024 13:36:01 GMT" skipped="0">
  <testcase classname="Serien.SerienLive.HRprogressReport" name="ValidatingTotalNoOfEmployees" time="25.577"/>
</testsuite> <!-- Serien.SerienLive.HRprogressReport -->
