<?xml version="1.0" encoding="UTF-8"?>
<!-- Generated by org.testng.reporters.JUnitReportReporter -->
<testsuite hostname="kwsys4-HP-250-G8-Notebook-PC" failures="0" tests="1" name="Serien.SerienLive.GetSubDate" time="9.043" errors="0" timestamp="01 Sep 2023 15:34:49 GMT" skipped="0">
  <testcase classname="Serien.SerienLive.GetSubDate" name="ValidationDiversityMetric" time="9.043"/>
</testsuite> <!-- Serien.SerienLive.GetSubDate -->
