<?xml version="1.0" encoding="UTF-8"?>
<!-- Generated by org.testng.reporters.JUnitReportReporter -->
<testsuite hostname="kwsys4-HP-250-G8-Notebook-PC" failures="0" tests="1" name="Serien.SerienLive.DiversityMetric" time="37.879" errors="0" timestamp="01 Feb 2024 06:04:41 GMT" skipped="0">
  <testcase classname="Serien.SerienLive.DiversityMetric" name="ValidationDiversityMetric" time="37.879"/>
</testsuite> <!-- Serien.SerienLive.DiversityMetric -->
