<?xml version="1.0" encoding="UTF-8"?>
<!-- Generated by org.testng.reporters.JUnitReportReporter -->
<testsuite hostname="kwsys4-HP-250-G8-Notebook-PC" failures="0" tests="3" name="Serien.SerienLive.HRprogressReport" time="79.629" errors="0" timestamp="01 Feb 2024 05:51:17 GMT" skipped="0">
  <testcase classname="Serien.SerienLive.HRprogressReport" name="ValidatingSearchBarByEmployeeNameAndEmployeeEmail" time="26.998"/>
  <testcase classname="Serien.SerienLive.HRprogressReport" name="ValidatingSearchBarByEmployeeNameAndEmployeeEmail" time="26.718"/>
  <testcase classname="Serien.SerienLive.HRprogressReport" name="ValidatingSearchBarByEmployeeNameAndEmployeeEmail" time="25.913"/>
</testsuite> <!-- Serien.SerienLive.HRprogressReport -->
