<?xml version="1.0" encoding="UTF-8"?>
<!-- Generated by org.testng.reporters.JUnitReportReporter -->
<testsuite hostname="kwsys4-HP-250-G8-Notebook-PC" failures="0" tests="1" name="Serien.SerienLive.LoginPageTest" time="5.152" errors="0" timestamp="03 Jan 2024 07:37:59 GMT" skipped="0">
  <testcase classname="Serien.SerienLive.LoginPageTest" name="ValidatingThePageTitleAndURL" time="5.152"/>
</testsuite> <!-- Serien.SerienLive.LoginPageTest -->
