<?xml version="1.0" encoding="UTF-8"?>
<!-- Generated by org.testng.reporters.JUnitReportReporter -->
<testsuite hostname="kwsys4-HP-250-G8-Notebook-PC" failures="0" tests="1" name="Serien.SerienLive.EndToEndTestCase" time="122.207" errors="0" timestamp="02 Feb 2024 10:02:55 GMT" skipped="0">
  <testcase classname="Serien.SerienLive.EndToEndTestCase" name="ValidationOfCoursesComplationFromTheAdmin" time="122.207"/>
</testsuite> <!-- Serien.SerienLive.EndToEndTestCase -->
