<?xml version="1.0" encoding="UTF-8"?>
<!-- Generated by org.testng.reporters.JUnitReportReporter -->
<testsuite hostname="kwsys4-HP-250-G8-Notebook-PC" failures="0" tests="1" name="Serien.SerienLive.AdminEnrollments" time="54.778" errors="0" timestamp="08 Jan 2024 12:44:10 GMT" skipped="0">
  <testcase classname="Serien.SerienLive.AdminEnrollments" name="ValidatingTheEnrollmentListForEnrollmentConfirmation" time="54.778"/>
</testsuite> <!-- Serien.SerienLive.AdminEnrollments -->
