<?xml version="1.0" encoding="UTF-8"?>
<!-- Generated by org.testng.reporters.JUnitReportReporter -->
<testsuite hostname="kwsys4-HP-250-G8-Notebook-PC" failures="0" tests="1" name="Serien.SerienLive.GroupTest" time="7.292" errors="0" timestamp="19 Dec 2023 06:19:02 GMT" skipped="0">
  <testcase classname="Serien.SerienLive.GroupTest" name="CreatingGroupinAdminPanle" time="7.292"/>
</testsuite> <!-- Serien.SerienLive.GroupTest -->
