<?xml version="1.0" encoding="UTF-8"?>
<!-- Generated by org.testng.reporters.JUnitReportReporter -->
<testsuite hostname="kwsys4-HP-250-G8-Notebook-PC" failures="0" tests="2" name="Serien.SerienLive.HRprofile" time="14.693" errors="0" timestamp="05 Jan 2024 13:50:00 GMT" skipped="1">
  <testcase classname="Serien.SerienLive.HRprofile" name="ValidationOfUserNameFromAdminPanleToHRpanle" time="14.693"/>
  <testcase classname="Serien.SerienLive.HRprofile" name="ValidationOfSubscriptionEndDate">
    <skipped/>
  </testcase> <!-- ValidationOfSubscriptionEndDate -->
</testsuite> <!-- Serien.SerienLive.HRprofile -->
