<?xml version="1.0" encoding="UTF-8"?>
<!-- Generated by org.testng.reporters.JUnitReportReporter -->
<testsuite hostname="kwsys4-HP-250-G8-Notebook-PC" failures="0" tests="5" name="Serien.SerienLive.HRlearning" time="87.738" errors="0" timestamp="01 Feb 2024 12:10:36 GMT" skipped="0">
  <testcase classname="Serien.SerienLive.HRlearning" name="ValidationOfDisclimerErrorMesg" time="9.471"/>
  <testcase classname="Serien.SerienLive.HRlearning" name="ValidationOfDisclimerAccepectingAcknowledgeAndStartTheCourses" time="10.702"/>
  <testcase classname="Serien.SerienLive.HRlearning" name="ValidationOfDisclimerAccepectingAcknowledgeAndStartMicroLearning" time="17.881"/>
  <testcase classname="Serien.SerienLive.HRlearning" name="ValidationOfDisclimerAccepectingAcknowledgeAndStartGame" time="8.559"/>
  <testcase classname="Serien.SerienLive.HRlearning" name="DeleteUserProgressForMakeDisclimerTrue" time="41.125"/>
</testsuite> <!-- Serien.SerienLive.HRlearning -->
