<?xml version="1.0" encoding="UTF-8"?>
<!-- Generated by org.testng.reporters.JUnitReportReporter -->
<testsuite hostname="kwsys4-HP-250-G8-Notebook-PC" failures="0" tests="1" name="Serien.SerienLive.AdminUserSection" time="11.324" errors="0" timestamp="16 Jan 2024 13:46:57 GMT" skipped="0">
  <testcase classname="Serien.SerienLive.AdminUserSection" name="UserCoursesProgressReset" time="11.324"/>
</testsuite> <!-- Serien.SerienLive.AdminUserSection -->
