<?xml version="1.0" encoding="UTF-8"?>
<!-- Generated by org.testng.reporters.JUnitReportReporter -->
<testsuite hostname="kwsys4-HP-250-G8-Notebook-PC" failures="0" tests="1" name="Serien.SerienLive.EndToEndTestCase" time="68.686" errors="0" timestamp="29 Jan 2024 10:44:04 GMT" skipped="0">
  <testcase classname="Serien.SerienLive.EndToEndTestCase" name="ValidationOfCoursesComplationFromTheAdmin" time="68.686"/>
</testsuite> <!-- Serien.SerienLive.EndToEndTestCase -->
