<?xml version="1.0" encoding="UTF-8"?>
<!-- Generated by org.testng.reporters.JUnitReportReporter -->
<testsuite hostname="kwsys4-HP-250-G8-Notebook-PC" failures="0" tests="1" name="Serien.SerienLive.HRCoursesComplation" time="37.397" errors="0" timestamp="15 Jan 2024 13:48:15 GMT" skipped="0">
  <testcase classname="Serien.SerienLive.HRCoursesComplation" name="ValidationOfCoursesattend" time="37.397"/>
</testsuite> <!-- Serien.SerienLive.HRCoursesComplation -->
