<?xml version="1.0" encoding="UTF-8"?>
<!-- Generated by org.testng.reporters.JUnitReportReporter -->
<testsuite hostname="kwsys4-HP-250-G8-Notebook-PC" failures="0" tests="1" name="Serien.SerienLive.AdminUserSection" time="16.498" errors="0" timestamp="17 Jan 2024 10:22:31 GMT" skipped="0">
  <testcase classname="Serien.SerienLive.AdminUserSection" name="UserCoursesProgressReset" time="16.498"/>
</testsuite> <!-- Serien.SerienLive.AdminUserSection -->
