<?xml version="1.0" encoding="UTF-8"?>
<!-- Generated by org.testng.reporters.JUnitReportReporter -->
<testsuite hostname="kwsys4-HP-250-G8-Notebook-PC" failures="0" tests="1" name="Serien.SerienLive.LoginPageTest" time="9.827" errors="0" timestamp="02 Feb 2024 09:18:48 GMT" skipped="0">
  <testcase classname="Serien.SerienLive.LoginPageTest" name="ValidateEmailFieldWithoutAddingAnyDataIntoInEmailTextFiled" time="9.827"/>
</testsuite> <!-- Serien.SerienLive.LoginPageTest -->
