<?xml version="1.0" encoding="UTF-8"?>
<!-- Generated by org.testng.reporters.JUnitReportReporter -->
<testsuite hostname="kwsys4-HP-250-G8-Notebook-PC" failures="0" tests="1" name="Serien.SerienLive.HRcalenderAndEvents" time="30.824" errors="0" timestamp="05 Feb 2024 09:50:20 GMT" skipped="0">
  <testcase classname="Serien.SerienLive.HRcalenderAndEvents" name="ValidationOfEventAndCalender" time="30.824"/>
</testsuite> <!-- Serien.SerienLive.HRcalenderAndEvents -->
