<?xml version="1.0" encoding="UTF-8"?>
<!-- Generated by org.testng.reporters.JUnitReportReporter -->
<testsuite hostname="kwsys4-HP-250-G8-Notebook-PC" failures="0" tests="3" name="Serien.SerienLive.HRCoursesComplation" time="42.122" errors="0" timestamp="31 Jan 2024 11:25:18 GMT" skipped="0">
  <testcase classname="Serien.SerienLive.HRCoursesComplation" name="all3CoursesProgressReset" time="14.095"/>
  <testcase classname="Serien.SerienLive.HRCoursesComplation" name="all3CoursesProgressReset" time="14.205"/>
  <testcase classname="Serien.SerienLive.HRCoursesComplation" name="all3CoursesProgressReset" time="13.822"/>
</testsuite> <!-- Serien.SerienLive.HRCoursesComplation -->
