<?xml version="1.0" encoding="UTF-8"?>
<!-- Generated by org.testng.reporters.JUnitReportReporter -->
<testsuite hostname="kwsys4-HP-250-G8-Notebook-PC" failures="0" tests="2" name="Serien.SerienLive.HRprofile" time="22.382" errors="0" timestamp="02 Feb 2024 15:21:32 GMT" skipped="1">
  <testcase classname="Serien.SerienLive.HRprofile" name="ValidationHRchangePassword" time="22.382"/>
  <testcase classname="Serien.SerienLive.HRprofile" name="ValidationOfSubscriptionEndDate">
    <skipped/>
  </testcase> <!-- ValidationOfSubscriptionEndDate -->
</testsuite> <!-- Serien.SerienLive.HRprofile -->
