<?xml version="1.0" encoding="UTF-8"?>
<!-- Generated by org.testng.reporters.JUnitReportReporter -->
<testsuite hostname="kwsys4-HP-250-G8-Notebook-PC" failures="0" tests="1" name="Serien.SerienLive.GetSubDate" time="7.214" errors="0" timestamp="02 Feb 2024 10:07:21 GMT" skipped="0">
  <testcase classname="Serien.SerienLive.GetSubDate" name="getSubscriptionEndDateInProgressReport" time="7.214"/>
</testsuite> <!-- Serien.SerienLive.GetSubDate -->
