<?xml version="1.0" encoding="UTF-8"?>
<!-- Generated by org.testng.reporters.JUnitReportReporter -->
<testsuite hostname="kwsys4-HP-250-G8-Notebook-PC" failures="0" tests="1" name="Serien.SerienLive.HRCoursesComplation" time="47.093" errors="0" timestamp="16 Jan 2024 07:23:13 GMT" skipped="0">
  <testcase classname="Serien.SerienLive.HRCoursesComplation" name="ValidationOfCoursesAttend" time="47.093"/>
</testsuite> <!-- Serien.SerienLive.HRCoursesComplation -->
