<?xml version="1.0" encoding="UTF-8"?>
<!-- Generated by org.testng.reporters.JUnitReportReporter -->
<testsuite hostname="kwsys4-HP-250-G8-Notebook-PC" failures="0" tests="1" name="Serien.SerienLive.Subscription" time="25.178" errors="0" timestamp="11 Aug 2023 07:45:28 GMT" skipped="0">
  <testcase classname="Serien.SerienLive.Subscription" name="ValidationOfSubscriptionEndDate" time="25.178"/>
</testsuite> <!-- Serien.SerienLive.Subscription -->
