<?xml version="1.0" encoding="UTF-8"?>
<!-- Generated by org.testng.reporters.JUnitReportReporter -->
<testsuite hostname="kwsys4-HP-250-G8-Notebook-PC" failures="0" tests="1" name="Serien.SerienLive.EndToEndTestCase" time="78.784" errors="0" timestamp="30 Jan 2024 12:11:13 GMT" skipped="0">
  <testcase classname="Serien.SerienLive.EndToEndTestCase" name="ValidationOfGroupDateExpired" time="78.784"/>
</testsuite> <!-- Serien.SerienLive.EndToEndTestCase -->
