<?xml version="1.0" encoding="UTF-8"?>
<!-- Generated by org.testng.reporters.JUnitReportReporter -->
<testsuite hostname="kwsys4-HP-250-G8-Notebook-PC" failures="0" tests="1" name="Serien.SerienLive.HRprofile" time="16.064" errors="0" timestamp="04 Jan 2024 11:06:08 GMT" skipped="0">
  <testcase classname="Serien.SerienLive.HRprofile" name="ValidationOfSubscriptionDateInHRpanle" time="16.064"/>
</testsuite> <!-- Serien.SerienLive.HRprofile -->
