<?xml version="1.0" encoding="UTF-8"?>
<!-- Generated by org.testng.reporters.JUnitReportReporter -->
<testsuite hostname="kwsys4-HP-250-G8-Notebook-PC" failures="0" tests="1" name="DevToolOperations.BasicAuthentication" time="6.842" errors="0" timestamp="03 May 2024 12:22:00 GMT" skipped="0">
  <testcase classname="DevToolOperations.BasicAuthentication" name="BasicAuthentication" time="6.842"/>
</testsuite> <!-- DevToolOperations.BasicAuthentication -->
