<?xml version="1.0" encoding="UTF-8"?>
<!-- Generated by org.testng.reporters.JUnitReportReporter -->
<testsuite hostname="kwsys4-HP-250-G8-Notebook-PC" failures="0" tests="1" name="Serien.SerienLive.CourseDataAndProgression" time="8.472" errors="0" timestamp="30 Aug 2023 10:08:44 GMT" skipped="0">
  <testcase classname="Serien.SerienLive.CourseDataAndProgression" name="ValidationCourse" time="8.472"/>
</testsuite> <!-- Serien.SerienLive.CourseDataAndProgression -->
