<?xml version="1.0" encoding="UTF-8"?>
<!-- Generated by org.testng.reporters.JUnitReportReporter -->
<testsuite hostname="kwsys4-HP-250-G8-Notebook-PC" failures="0" tests="1" name="Serien.SerienLive.EndToEndTestCase" time="19.264" errors="0" timestamp="22 Jan 2024 12:29:13 GMT" skipped="0">
  <testcase classname="Serien.SerienLive.EndToEndTestCase" name="FromAdminPanleExpireTheSubscription" time="19.264"/>
</testsuite> <!-- Serien.SerienLive.EndToEndTestCase -->
