<?xml version="1.0" encoding="UTF-8"?>
<!-- Generated by org.testng.reporters.JUnitReportReporter -->
<testsuite hostname="kwsys4-HP-250-G8-Notebook-PC" failures="0" tests="1" name="Serien.SerienLive.SubscriptionExpired" time="6.242" errors="0" timestamp="15 Dec 2023 10:39:16 GMT" skipped="0">
  <testcase classname="Serien.SerienLive.SubscriptionExpired" name="ValidationCourse" time="6.242"/>
</testsuite> <!-- Serien.SerienLive.SubscriptionExpired -->
