<?xml version="1.0" encoding="UTF-8"?>
<!-- Generated by org.testng.reporters.JUnitReportReporter -->
<testsuite hostname="kwsys4-HP-250-G8-Notebook-PC" failures="0" tests="1" name="Serien.SerienLive.GroupEnrollment" time="6.052" errors="0" timestamp="08 Dec 2023 13:49:27 GMT" skipped="0">
  <testcase classname="Serien.SerienLive.GroupEnrollment" name="ValidationOfSubscriptionEndDate" time="6.052"/>
</testsuite> <!-- Serien.SerienLive.GroupEnrollment -->
