<?xml version="1.0" encoding="UTF-8"?>
<!-- Generated by org.testng.reporters.JUnitReportReporter -->
<testsuite hostname="kwsys4-HP-250-G8-Notebook-PC" failures="0" tests="2" name="Serien.SerienLive.GroupTest" time="14.083" errors="0" timestamp="01 Feb 2024 07:33:21 GMT" skipped="1">
  <testcase classname="Serien.SerienLive.GroupTest" name="ValidationOfGroupNameUserCountEnrollmentsCount" time="14.083"/>
  <testcase classname="Serien.SerienLive.GroupTest" name="CreatingGroupinAdminPanle">
    <skipped/>
  </testcase> <!-- CreatingGroupinAdminPanle -->
</testsuite> <!-- Serien.SerienLive.GroupTest -->
