<?xml version="1.0" encoding="UTF-8"?>
<!-- Generated by org.testng.reporters.JUnitReportReporter -->
<testsuite hostname="kwsys4-HP-250-G8-Notebook-PC" failures="0" tests="1" name="Serien.SerienLive.HRCoursesComplation" time="19.010" errors="0" timestamp="16 Jan 2024 09:59:00 GMT" skipped="0">
  <testcase classname="Serien.SerienLive.HRCoursesComplation" name="ValidationOfCoursesAttend" time="19.010"/>
</testsuite> <!-- Serien.SerienLive.HRCoursesComplation -->
