<?xml version="1.0" encoding="UTF-8"?>
<!-- Generated by org.testng.reporters.JUnitReportReporter -->
<testsuite hostname="kwsys4-HP-250-G8-Notebook-PC" failures="0" tests="1" name="DevToolOperations.BasicAuthentication" time="8.275" errors="0" timestamp="23 May 2024 11:05:42 GMT" skipped="0">
  <testcase classname="DevToolOperations.BasicAuthentication" name="BasicAuthentication" time="8.275"/>
</testsuite> <!-- DevToolOperations.BasicAuthentication -->
