<?xml version="1.0" encoding="UTF-8"?>
<!-- Generated by org.testng.reporters.JUnitReportReporter -->
<testsuite hostname="kwsys4-HP-250-G8-Notebook-PC" failures="0" tests="3" name="Serien.SerienLive.HRprofile" time="39.913" errors="0" timestamp="02 Feb 2024 08:10:12 GMT" skipped="1">
  <testcase classname="Serien.SerienLive.HRprofile" name="ValidationOfSubscriptionDateInHRpanle" time="19.541"/>
  <testcase classname="Serien.SerienLive.HRprofile" name="ValidationOfUserNameFromAdminPanleToHRpanle" time="20.372"/>
  <testcase classname="Serien.SerienLive.HRprofile" name="ValidationOfSubscriptionEndDate">
    <skipped/>
  </testcase> <!-- ValidationOfSubscriptionEndDate -->
</testsuite> <!-- Serien.SerienLive.HRprofile -->
