<?xml version="1.0" encoding="UTF-8"?>
<!-- Generated by org.testng.reporters.JUnitReportReporter -->
<testsuite hostname="kwsys4-HP-250-G8-Notebook-PC" failures="0" tests="1" name="Serien.SerienLive.HRcalenderAndEvents" time="20.613" errors="0" timestamp="06 Feb 2024 09:41:11 GMT" skipped="0">
  <testcase classname="Serien.SerienLive.HRcalenderAndEvents" name="ValidationOfEventAndCalender" time="20.613"/>
</testsuite> <!-- Serien.SerienLive.HRcalenderAndEvents -->
