<?xml version="1.0" encoding="UTF-8"?>
<!-- Generated by org.testng.reporters.JUnitReportReporter -->
<testsuite hostname="kwsys4-HP-250-G8-Notebook-PC" failures="0" tests="2" name="Serien.SerienLive.HashMapUsage" time="11.638" errors="0" timestamp="23 Jul 2023 15:01:14 GMT" skipped="0">
  <testcase classname="Serien.SerienLive.HashMapUsage" name="invaildeCredentional" time="6.333"/>
  <testcase classname="Serien.SerienLive.HashMapUsage" name="invaildeCredentional" time="5.305"/>
</testsuite> <!-- Serien.SerienLive.HashMapUsage -->
