<?xml version="1.0" encoding="UTF-8"?>
<!-- Generated by org.testng.reporters.JUnitReportReporter -->
<testsuite hostname="kwsys4-HP-250-G8-Notebook-PC" failures="0" tests="1" name="Serien.SerienLive.CourseDataAndProgression" time="7.992" errors="0" timestamp="10 Oct 2023 12:12:19 GMT" skipped="0">
  <testcase classname="Serien.SerienLive.CourseDataAndProgression" name="ValidationCourse" time="7.992"/>
</testsuite> <!-- Serien.SerienLive.CourseDataAndProgression -->
