<?xml version="1.0" encoding="UTF-8"?>
<!-- Generated by org.testng.reporters.JUnitReportReporter -->
<testsuite hostname="kwsys4-HP-250-G8-Notebook-PC" failures="0" tests="1" name="Serien.SerienLive.SubscriptionExpired" time="8.644" errors="0" timestamp="18 Dec 2023 05:52:37 GMT" skipped="0">
  <testcase classname="Serien.SerienLive.SubscriptionExpired" name="FromAdminPanleExpireTheSubscription" time="8.644"/>
</testsuite> <!-- Serien.SerienLive.SubscriptionExpired -->
