<?xml version="1.0" encoding="UTF-8"?>
<!-- Generated by org.testng.reporters.JUnitReportReporter -->
<testsuite hostname="kwsys4-HP-250-G8-Notebook-PC" failures="0" tests="3" name="Serien.SerienLive.HRprofile" time="42.710" errors="0" timestamp="01 Feb 2024 11:05:45 GMT" skipped="1">
  <testcase classname="Serien.SerienLive.HRprofile" name="ValidationOfSubscriptionDateInHRpanle" time="22.239"/>
  <testcase classname="Serien.SerienLive.HRprofile" name="ValidationOfUserNameFromAdminPanleToHRpanle" time="20.471"/>
  <testcase classname="Serien.SerienLive.HRprofile" name="ValidationOfSubscriptionEndDate">
    <skipped/>
  </testcase> <!-- ValidationOfSubscriptionEndDate -->
</testsuite> <!-- Serien.SerienLive.HRprofile -->
