<?xml version="1.0" encoding="UTF-8"?>
<!-- Generated by org.testng.reporters.JUnitReportReporter -->
<testsuite hostname="kwsys4-HP-250-G8-Notebook-PC" failures="0" tests="1" name="Serien.SerienLive.AdminEnrollments" time="51.134" errors="0" timestamp="08 Jan 2024 14:36:51 GMT" skipped="0">
  <testcase classname="Serien.SerienLive.AdminEnrollments" name="ValidatingTheEnrollmentListForEnrollmentConfirmation" time="51.134"/>
</testsuite> <!-- Serien.SerienLive.AdminEnrollments -->
