<?xml version="1.0" encoding="UTF-8"?>
<!-- Generated by org.testng.reporters.JUnitReportReporter -->
<testsuite hostname="kwsys4-HP-250-G8-Notebook-PC" failures="0" tests="1" name="Serien.SerienLive.AdminEnrollments" time="7.823" errors="0" timestamp="09 Jan 2024 07:30:45 GMT" skipped="0">
  <testcase classname="Serien.SerienLive.AdminEnrollments" name="validationOfMicroLearningEnrollmentFromHRpanle" time="7.823"/>
</testsuite> <!-- Serien.SerienLive.AdminEnrollments -->
