<?xml version="1.0" encoding="UTF-8"?>
<!-- Generated by org.testng.reporters.JUnitReportReporter -->
<testsuite hostname="kwsys4-HP-250-G8-Notebook-PC" failures="0" tests="1" name="Serien.SerienLive.AdminEnrollments" time="8.586" errors="0" timestamp="05 Jan 2024 12:37:21 GMT" skipped="0">
  <testcase classname="Serien.SerienLive.AdminEnrollments" name="CreatingGroupEnrollmentOfCourse" time="8.586"/>
</testsuite> <!-- Serien.SerienLive.AdminEnrollments -->
