<?xml version="1.0" encoding="UTF-8"?>
<!-- Generated by org.testng.reporters.JUnitReportReporter -->
<testsuite hostname="kwsys4-HP-250-G8-Notebook-PC" failures="0" tests="2" name="Serien.SerienLive.GroupTest" time="7.759" errors="0" timestamp="02 Feb 2024 08:10:12 GMT" skipped="1">
  <testcase classname="Serien.SerienLive.GroupTest" name="ValidationOfGroupNameUserCountEnrollmentsCount" time="7.759"/>
  <testcase classname="Serien.SerienLive.GroupTest" name="CreatingGroupinAdminPanle">
    <skipped/>
  </testcase> <!-- CreatingGroupinAdminPanle -->
</testsuite> <!-- Serien.SerienLive.GroupTest -->
