<?xml version="1.0" encoding="UTF-8"?>
<!-- Generated by org.testng.reporters.JUnitReportReporter -->
<testsuite hostname="kwsys4-HP-250-G8-Notebook-PC" failures="0" tests="1" name="Serien.SerienLive.HRlearning" time="9.363" errors="0" timestamp="10 Jan 2024 12:28:44 GMT" skipped="0">
  <testcase classname="Serien.SerienLive.HRlearning" name="ValidationOfDisclimerAccepectingAcknowledgeAndStartGame" time="9.363"/>
</testsuite> <!-- Serien.SerienLive.HRlearning -->
