<?xml version="1.0" encoding="UTF-8"?>
<!-- Generated by org.testng.reporters.JUnitReportReporter -->
<testsuite hostname="kwsys4-HP-250-G8-Notebook-PC" failures="0" tests="9" name="Serien.SerienLive.HRprogressReport" time="160.851" errors="0" timestamp="01 Feb 2024 12:28:57 GMT" skipped="0">
  <testcase classname="Serien.SerienLive.HRprogressReport" name="ValidatingEnrolledCoursesNameShouldDisplayInHRprogressReportPage" time="8.606"/>
  <testcase classname="Serien.SerienLive.HRprogressReport" name="ValidatingEnrolledMicroLearningNameShouldDisplayInHRprogressReportPage" time="6.622"/>
  <testcase classname="Serien.SerienLive.HRprogressReport" name="ValidatingEnrolledGameNameShouldDisplayInHRprogressReportPage" time="7.128"/>
  <testcase classname="Serien.SerienLive.HRprogressReport" name="ValidatingContsInreport" time="20.741"/>
  <testcase classname="Serien.SerienLive.HRprogressReport" name="ValidatingContsInreport" time="20.880"/>
  <testcase classname="Serien.SerienLive.HRprogressReport" name="ValidatingContsInreport" time="20.763"/>
  <testcase classname="Serien.SerienLive.HRprogressReport" name="ValidatingSearchBarByEmployeeNameAndEmployeeEmail" time="25.255"/>
  <testcase classname="Serien.SerienLive.HRprogressReport" name="ValidatingSearchBarByEmployeeNameAndEmployeeEmail" time="25.395"/>
  <testcase classname="Serien.SerienLive.HRprogressReport" name="ValidatingSearchBarByEmployeeNameAndEmployeeEmail" time="25.461"/>
</testsuite> <!-- Serien.SerienLive.HRprogressReport -->
