<?xml version="1.0" encoding="UTF-8"?>
<!-- Generated by org.testng.reporters.JUnitReportReporter -->
<testsuite hostname="kwsys4-HP-250-G8-Notebook-PC" failures="0" tests="1" name="Serien.SerienLive.AdminEnrollments" time="14.811" errors="0" timestamp="05 Jan 2024 15:05:40 GMT" skipped="0">
  <testcase classname="Serien.SerienLive.AdminEnrollments" name="CreatingGroupEnrollmentOfCourse" time="14.811"/>
</testsuite> <!-- Serien.SerienLive.AdminEnrollments -->
