<?xml version="1.0" encoding="UTF-8"?>
<!-- Generated by org.testng.reporters.JUnitReportReporter -->
<testsuite hostname="kwsys4-HP-250-G8-Notebook-PC" failures="0" tests="1" name="Serien.SerienLive.EndToEndTestCase" time="74.309" errors="0" timestamp="02 Feb 2024 06:41:24 GMT" skipped="0">
  <testcase classname="Serien.SerienLive.EndToEndTestCase" name="ValidationOfGroupDateExpired" time="74.309"/>
</testsuite> <!-- Serien.SerienLive.EndToEndTestCase -->
