<?xml version="1.0" encoding="UTF-8"?>
<!-- Generated by org.testng.reporters.JUnitReportReporter -->
<testsuite hostname="kwsys4-HP-250-G8-Notebook-PC" failures="0" tests="1" name="Serien.SerienLive.HRlearning" time="9.759" errors="0" timestamp="10 Jan 2024 11:15:47 GMT" skipped="0">
  <testcase classname="Serien.SerienLive.HRlearning" name="ValidationOfDisclimerAccepectingAcknowledgeAndStartMicroLearning" time="9.759"/>
</testsuite> <!-- Serien.SerienLive.HRlearning -->
