<?xml version="1.0" encoding="UTF-8"?>
<!-- Generated by org.testng.reporters.JUnitReportReporter -->
<testsuite hostname="kwsys4-HP-250-G8-Notebook-PC" failures="0" tests="1" name="Serien.SerienLive.EndToEndTestCase" time="9.176" errors="0" timestamp="22 Jan 2024 10:50:50 GMT" skipped="0">
  <testcase classname="Serien.SerienLive.EndToEndTestCase" name="FromAdminPanleExpireTheSubscription" time="9.176"/>
</testsuite> <!-- Serien.SerienLive.EndToEndTestCase -->
