<?xml version="1.0" encoding="UTF-8"?>
<!-- Generated by org.testng.reporters.JUnitReportReporter -->
<testsuite hostname="kwsys4-HP-250-G8-Notebook-PC" failures="0" tests="9" name="Serien.SerienLive.HRprogressReport" time="157.844" errors="0" timestamp="02 Feb 2024 08:10:12 GMT" skipped="0">
  <testcase classname="Serien.SerienLive.HRprogressReport" name="ValidatingEnrolledCoursesNameShouldDisplayInHRprogressReportPage" time="6.496"/>
  <testcase classname="Serien.SerienLive.HRprogressReport" name="ValidatingEnrolledMicroLearningNameShouldDisplayInHRprogressReportPage" time="6.783"/>
  <testcase classname="Serien.SerienLive.HRprogressReport" name="ValidatingEnrolledGameNameShouldDisplayInHRprogressReportPage" time="6.817"/>
  <testcase classname="Serien.SerienLive.HRprogressReport" name="ValidatingContsInreport" time="20.669"/>
  <testcase classname="Serien.SerienLive.HRprogressReport" name="ValidatingContsInreport" time="21.021"/>
  <testcase classname="Serien.SerienLive.HRprogressReport" name="ValidatingContsInreport" time="20.723"/>
  <testcase classname="Serien.SerienLive.HRprogressReport" name="ValidatingSearchBarByEmployeeNameAndEmployeeEmail" time="25.145"/>
  <testcase classname="Serien.SerienLive.HRprogressReport" name="ValidatingSearchBarByEmployeeNameAndEmployeeEmail" time="24.999"/>
  <testcase classname="Serien.SerienLive.HRprogressReport" name="ValidatingSearchBarByEmployeeNameAndEmployeeEmail" time="25.191"/>
</testsuite> <!-- Serien.SerienLive.HRprogressReport -->
