<?xml version="1.0" encoding="UTF-8"?>
<!-- Generated by org.testng.reporters.JUnitReportReporter -->
<testsuite hostname="kwsys4-HP-250-G8-Notebook-PC" failures="0" tests="1" name="Serien.SerienLive.HRprogressReport" time="28.375" errors="0" timestamp="12 Jan 2024 11:24:46 GMT" skipped="0">
  <testcase classname="Serien.SerienLive.HRprogressReport" name="ValidatingSearchBarByEmployeeNameAndEmployeeEmail" time="28.375"/>
</testsuite> <!-- Serien.SerienLive.HRprogressReport -->
