<?xml version="1.0" encoding="UTF-8"?>
<!-- Generated by org.testng.reporters.JUnitReportReporter -->
<testsuite hostname="kwsys4-HP-250-G8-Notebook-PC" failures="0" tests="2" name="Serien.SerienLive.StandAloneTest" time="30.416" errors="0" timestamp="27 Jul 2023 09:40:58 GMT" skipped="0">
  <testcase classname="Serien.SerienLive.StandAloneTest" name="profileValidationNagative" time="15.693"/>
  <testcase classname="Serien.SerienLive.StandAloneTest" name="profileValidation" time="14.723"/>
</testsuite> <!-- Serien.SerienLive.StandAloneTest -->
